# JRE version: Java(TM) SE Runtime Environment (8.0_131-b11) (build 1.8.0_131-b11)
# Java VM: Java HotSpot(TM) 64-Bit Server VM (25.131-b11 mixed mode windows-amd64 compressed oops)
Heap:
 PSYoungGen      total 240128K, used 56604K [0x00000000d5d80000, 0x00000000e5780000, 0x0000000100000000)
  eden space 230400K, 20% used [0x00000000d5d80000,0x00000000d8b49fa0,0x00000000e3e80000)
  from space 9728K, 99% used [0x00000000e4e00000,0x00000000e577d260,0x00000000e5780000)
  to   space 11776K, 61% used [0x00000000e4080000,0x00000000e4798020,0x00000000e4c00000)
 ParOldGen       total 51712K, used 9842K [0x0000000081800000, 0x0000000084a80000, 0x00000000d5d80000)
  object space 51712K, 19% used [0x0000000081800000,0x000000008219c9e0,0x0000000084a80000)
 Metaspace       used 33472K, capacity 35294K, committed 35496K, reserved 1079296K
  class space    used 4501K, capacity 4841K, committed 4864K, reserved 1048576K
GC Heap History (10 events):
Event: 2.954 GC heap after
Heap after GC invocations=5 (full 0):
 PSYoungGen      total 71680K, used 5104K [0x00000000d5d80000, 0x00000000df280000, 0x0000000100000000)
  eden space 66560K, 0% used [0x00000000d5d80000,0x00000000d5d80000,0x00000000d9e80000)
  from space 5120K, 99% used [0x00000000d9e80000,0x00000000da37c110,0x00000000da380000)
  to   space 9728K, 0% used [0x00000000de900000,0x00000000de900000,0x00000000df280000)
 ParOldGen       total 87552K, used 10453K [0x0000000081800000, 0x0000000086d80000, 0x00000000d5d80000)
  object space 87552K, 11% used [0x0000000081800000,0x0000000082235648,0x0000000086d80000)
 Metaspace       used 20243K, capacity 21048K, committed 21296K, reserved 1067008K
  class space    used 2667K, capacity 2848K, committed 2944K, reserved 1048576K
}
Event: 2.993 GC heap before
{Heap before GC invocations=6 (full 0):
 PSYoungGen      total 71680K, used 20677K [0x00000000d5d80000, 0x00000000df280000, 0x0000000100000000)
  eden space 66560K, 23% used [0x00000000d5d80000,0x00000000d6cb5300,0x00000000d9e80000)
  from space 5120K, 99% used [0x00000000d9e80000,0x00000000da37c110,0x00000000da380000)
  to   space 9728K, 0% used [0x00000000de900000,0x00000000de900000,0x00000000df280000)
 ParOldGen       total 87552K, used 10453K [0x0000000081800000, 0x0000000086d80000, 0x00000000d5d80000)
  object space 87552K, 11% used [0x0000000081800000,0x0000000082235648,0x0000000086d80000)
 Metaspace       used 20401K, capacity 21234K, committed 21296K, reserved 1067008K
  class space    used 2685K, capacity 2885K, committed 2944K, reserved 1048576K
Event: 3.002 GC heap after
Heap after GC invocations=6 (full 0):
 PSYoungGen      total 142848K, used 5540K [0x00000000d5d80000, 0x00000000df280000, 0x0000000100000000)
  eden space 133120K, 0% used [0x00000000d5d80000,0x00000000d5d80000,0x00000000ddf80000)
  from space 9728K, 56% used [0x00000000de900000,0x00000000dee69218,0x00000000df280000)
  to   space 9728K, 0% used [0x00000000ddf80000,0x00000000ddf80000,0x00000000de900000)
 ParOldGen       total 87552K, used 10453K [0x0000000081800000, 0x0000000086d80000, 0x00000000d5d80000)
  object space 87552K, 11% used [0x0000000081800000,0x0000000082235648,0x0000000086d80000)
 Metaspace       used 20401K, capacity 21234K, committed 21296K, reserved 1067008K
  class space    used 2685K, capacity 2885K, committed 2944K, reserved 1048576K
}
Event: 3.002 GC heap before
{Heap before GC invocations=7 (full 1):
 PSYoungGen      total 142848K, used 5540K [0x00000000d5d80000, 0x00000000df280000, 0x0000000100000000)
  eden space 133120K, 0% used [0x00000000d5d80000,0x00000000d5d80000,0x00000000ddf80000)
  from space 9728K, 56% used [0x00000000de900000,0x00000000dee69218,0x00000000df280000)
  to   space 9728K, 0% used [0x00000000ddf80000,0x00000000ddf80000,0x00000000de900000)
 ParOldGen       total 87552K, used 10453K [0x0000000081800000, 0x0000000086d80000, 0x00000000d5d80000)
  object space 87552K, 11% used [0x0000000081800000,0x0000000082235648,0x0000000086d80000)
 Metaspace       used 20401K, capacity 21234K, committed 21296K, reserved 1067008K
  class space    used 2685K, capacity 2885K, committed 2944K, reserved 1048576K
Event: 3.049 GC heap after
Heap after GC invocations=7 (full 1):
 PSYoungGen      total 142848K, used 0K [0x00000000d5d80000, 0x00000000df280000, 0x0000000100000000)
  eden space 133120K, 0% used [0x00000000d5d80000,0x00000000d5d80000,0x00000000ddf80000)
  from space 9728K, 0% used [0x00000000de900000,0x00000000de900000,0x00000000df280000)
  to   space 9728K, 0% used [0x00000000ddf80000,0x00000000ddf80000,0x00000000de900000)
 ParOldGen       total 51712K, used 7464K [0x0000000081800000, 0x0000000084a80000, 0x00000000d5d80000)
  object space 51712K, 14% used [0x0000000081800000,0x0000000081f4a390,0x0000000084a80000)
 Metaspace       used 20399K, capacity 21228K, committed 21296K, reserved 1067008K
  class space    used 2684K, capacity 2884K, committed 2944K, reserved 1048576K
}
Event: 3.620 GC heap before
{Heap before GC invocations=8 (full 1):
 PSYoungGen      total 142848K, used 133120K [0x00000000d5d80000, 0x00000000df280000, 0x0000000100000000)
  eden space 133120K, 100% used [0x00000000d5d80000,0x00000000ddf80000,0x00000000ddf80000)
  from space 9728K, 0% used [0x00000000de900000,0x00000000de900000,0x00000000df280000)
  to   space 9728K, 0% used [0x00000000ddf80000,0x00000000ddf80000,0x00000000de900000)
 ParOldGen       total 51712K, used 7464K [0x0000000081800000, 0x0000000084a80000, 0x00000000d5d80000)
  object space 51712K, 14% used [0x0000000081800000,0x0000000081f4a390,0x0000000084a80000)
 Metaspace       used 22581K, capacity 23672K, committed 23808K, reserved 1069056K
  class space    used 3045K, capacity 3300K, committed 3328K, reserved 1048576K
Event: 3.631 GC heap after
Heap after GC invocations=8 (full 1):
 PSYoungGen      total 142848K, used 4416K [0x00000000d5d80000, 0x00000000e5780000, 0x0000000100000000)
  eden space 133120K, 0% used [0x00000000d5d80000,0x00000000d5d80000,0x00000000ddf80000)
  from space 9728K, 45% used [0x00000000ddf80000,0x00000000de3d0028,0x00000000de900000)
  to   space 9728K, 0% used [0x00000000e4e00000,0x00000000e4e00000,0x00000000e5780000)
 ParOldGen       total 51712K, used 7472K [0x0000000081800000, 0x0000000084a80000, 0x00000000d5d80000)
  object space 51712K, 14% used [0x0000000081800000,0x0000000081f4c390,0x0000000084a80000)
 Metaspace       used 22581K, capacity 23672K, committed 23808K, reserved 1069056K
  class space    used 3045K, capacity 3300K, committed 3328K, reserved 1048576K
}
Event: 5.039 GC heap before
{Heap before GC invocations=9 (full 1):
 PSYoungGen      total 142848K, used 137536K [0x00000000d5d80000, 0x00000000e5780000, 0x0000000100000000)
  eden space 133120K, 100% used [0x00000000d5d80000,0x00000000ddf80000,0x00000000ddf80000)
  from space 9728K, 45% used [0x00000000ddf80000,0x00000000de3d0028,0x00000000de900000)
  to   space 9728K, 0% used [0x00000000e4e00000,0x00000000e4e00000,0x00000000e5780000)
 ParOldGen       total 51712K, used 7472K [0x0000000081800000, 0x0000000084a80000, 0x00000000d5d80000)
  object space 51712K, 14% used [0x0000000081800000,0x0000000081f4c390,0x0000000084a80000)
 Metaspace       used 29866K, capacity 31682K, committed 31872K, reserved 1077248K
  class space    used 4039K, capacity 4387K, committed 4480K, reserved 1048576K
Event: 5.051 GC heap after
Heap after GC invocations=9 (full 1):
 PSYoungGen      total 240128K, used 9716K [0x00000000d5d80000, 0x00000000e5780000, 0x0000000100000000)
  eden space 230400K, 0% used [0x00000000d5d80000,0x00000000d5d80000,0x00000000e3e80000)
  from space 9728K, 99% used [0x00000000e4e00000,0x00000000e577d260,0x00000000e5780000)
  to   space 11776K, 0% used [0x00000000e4080000,0x00000000e4080000,0x00000000e4c00000)
 ParOldGen       total 51712K, used 9834K [0x0000000081800000, 0x0000000084a80000, 0x00000000d5d80000)
  object space 51712K, 19% used [0x0000000081800000,0x000000008219a9e0,0x0000000084a80000)
 Metaspace       used 29866K, capacity 31682K, committed 31872K, reserved 1077248K
  class space    used 4039K, capacity 4387K, committed 4480K, reserved 1048576K
}
Event: 5.289 GC heap before
{Heap before GC invocations=10 (full 1):
 PSYoungGen      total 240128K, used 56604K [0x00000000d5d80000, 0x00000000e5780000, 0x0000000100000000)
  eden space 230400K, 20% used [0x00000000d5d80000,0x00000000d8b49fa0,0x00000000e3e80000)
  from space 9728K, 99% used [0x00000000e4e00000,0x00000000e577d260,0x00000000e5780000)
  to   space 11776K, 0% used [0x00000000e4080000,0x00000000e4080000,0x00000000e4c00000)
 ParOldGen       total 51712K, used 9834K [0x0000000081800000, 0x0000000084a80000, 0x00000000d5d80000)
  object space 51712K, 19% used [0x0000000081800000,0x000000008219a9e0,0x0000000084a80000)
 Metaspace       used 33472K, capacity 35294K, committed 35496K, reserved 1079296K
  class space    used 4501K, capacity 4841K, committed 4864K, reserved 1048576K

